mode: atomic
github.com/theobitoproject/gedo_mazo/tools/pointers.go:7.32,9.2 1 3
github.com/theobitoproject/gedo_mazo/internal/application/application.go:19.25,20.30 1 5
github.com/theobitoproject/gedo_mazo/internal/application/application.go:25.2,27.8 1 4
github.com/theobitoproject/gedo_mazo/internal/application/application.go:20.30,23.3 2 1
github.com/theobitoproject/gedo_mazo/internal/application/application.go:38.9,40.16 2 3
github.com/theobitoproject/gedo_mazo/internal/application/application.go:44.2,44.68 1 2
github.com/theobitoproject/gedo_mazo/internal/application/application.go:40.16,42.3 1 1
github.com/theobitoproject/gedo_mazo/internal/domain/document.go:13.48,14.14 1 2
github.com/theobitoproject/gedo_mazo/internal/domain/document.go:18.2,18.27 1 1
github.com/theobitoproject/gedo_mazo/internal/domain/document.go:14.14,16.3 1 1
github.com/theobitoproject/gedo_mazo/internal/domain/document.go:22.32,24.2 1 1
github.com/theobitoproject/gedo_mazo/internal/domain/folder.go:13.44,14.14 1 2
github.com/theobitoproject/gedo_mazo/internal/domain/folder.go:18.2,18.25 1 1
github.com/theobitoproject/gedo_mazo/internal/domain/folder.go:14.14,16.3 1 1
github.com/theobitoproject/gedo_mazo/internal/domain/folder.go:22.30,24.2 1 1
github.com/theobitoproject/gedo_mazo/internal/domain/merging_data.go:8.45,10.2 1 1
